Determining if the pthread_create exist failed with the following output:
Change Dir: /home/vagrant/Desktop/csci499_cpshanno/project/CMakeFiles/CMakeTmp

Run Build Command:"/usr/bin/make" "cmTC_0be9b/fast"
/usr/bin/make -f CMakeFiles/cmTC_0be9b.dir/build.make CMakeFiles/cmTC_0be9b.dir/build
make[1]: Entering directory '/home/vagrant/Desktop/csci499_cpshanno/project/CMakeFiles/CMakeTmp'
Building C object CMakeFiles/cmTC_0be9b.dir/CheckSymbolExists.c.o
/usr/bin/cc    -o CMakeFiles/cmTC_0be9b.dir/CheckSymbolExists.c.o   -c /home/vagrant/Desktop/csci499_cpshanno/project/CMakeFiles/CMakeTmp/CheckSymbolExists.c
Linking C executable cmTC_0be9b
/usr/bin/cmake -E cmake_link_script CMakeFiles/cmTC_0be9b.dir/link.txt --verbose=1
/usr/bin/cc      CMakeFiles/cmTC_0be9b.dir/CheckSymbolExists.c.o  -o cmTC_0be9b 
CMakeFiles/cmTC_0be9b.dir/CheckSymbolExists.c.o: In function `main':
CheckSymbolExists.c:(.text+0x1b): undefined reference to `pthread_create'
collect2: error: ld returned 1 exit status
CMakeFiles/cmTC_0be9b.dir/build.make:97: recipe for target 'cmTC_0be9b' failed
make[1]: *** [cmTC_0be9b] Error 1
make[1]: Leaving directory '/home/vagrant/Desktop/csci499_cpshanno/project/CMakeFiles/CMakeTmp'
Makefile:126: recipe for target 'cmTC_0be9b/fast' failed
make: *** [cmTC_0be9b/fast] Error 2

File /home/vagrant/Desktop/csci499_cpshanno/project/CMakeFiles/CMakeTmp/CheckSymbolExists.c:
/* */
#include <pthread.h>

int main(int argc, char** argv)
{
  (void)argv;
#ifndef pthread_create
  return ((int*)(&pthread_create))[argc];
#else
  (void)argc;
  return 0;
#endif
}

Determining if the function pthread_create exists in the pthreads failed with the following output:
Change Dir: /home/vagrant/Desktop/csci499_cpshanno/project/CMakeFiles/CMakeTmp

Run Build Command:"/usr/bin/make" "cmTC_2465a/fast"
/usr/bin/make -f CMakeFiles/cmTC_2465a.dir/build.make CMakeFiles/cmTC_2465a.dir/build
make[1]: Entering directory '/home/vagrant/Desktop/csci499_cpshanno/project/CMakeFiles/CMakeTmp'
Building C object CMakeFiles/cmTC_2465a.dir/CheckFunctionExists.c.o
/usr/bin/cc   -DCHECK_FUNCTION_EXISTS=pthread_create   -o CMakeFiles/cmTC_2465a.dir/CheckFunctionExists.c.o   -c /usr/share/cmake-3.10/Modules/CheckFunctionExists.c
Linking C executable cmTC_2465a
/usr/bin/cmake -E cmake_link_script CMakeFiles/cmTC_2465a.dir/link.txt --verbose=1
/usr/bin/cc  -DCHECK_FUNCTION_EXISTS=pthread_create    CMakeFiles/cmTC_2465a.dir/CheckFunctionExists.c.o  -o cmTC_2465a -lpthreads 
/usr/bin/ld: cannot find -lpthreads
collect2: error: ld returned 1 exit status
CMakeFiles/cmTC_2465a.dir/build.make:97: recipe for target 'cmTC_2465a' failed
make[1]: *** [cmTC_2465a] Error 1
make[1]: Leaving directory '/home/vagrant/Desktop/csci499_cpshanno/project/CMakeFiles/CMakeTmp'
Makefile:126: recipe for target 'cmTC_2465a/fast' failed
make: *** [cmTC_2465a/fast] Error 2


Determining if the function res_servicename exists in the resolv failed with the following output:
Change Dir: /home/vagrant/Desktop/csci499_cpshanno/project/CMakeFiles/CMakeTmp

Run Build Command:"/usr/bin/make" "cmTC_83cd1/fast"
/usr/bin/make -f CMakeFiles/cmTC_83cd1.dir/build.make CMakeFiles/cmTC_83cd1.dir/build
make[1]: Entering directory '/home/vagrant/Desktop/csci499_cpshanno/project/CMakeFiles/CMakeTmp'
Building C object CMakeFiles/cmTC_83cd1.dir/CheckFunctionExists.c.o
/usr/bin/cc   -DCHECK_FUNCTION_EXISTS=res_servicename -fPIE   -o CMakeFiles/cmTC_83cd1.dir/CheckFunctionExists.c.o   -c /usr/share/cmake-3.10/Modules/CheckFunctionExists.c
Linking C executable cmTC_83cd1
/usr/bin/cmake -E cmake_link_script CMakeFiles/cmTC_83cd1.dir/link.txt --verbose=1
/usr/bin/cc  -DCHECK_FUNCTION_EXISTS=res_servicename    -rdynamic CMakeFiles/cmTC_83cd1.dir/CheckFunctionExists.c.o  -o cmTC_83cd1 -lresolv 
CMakeFiles/cmTC_83cd1.dir/CheckFunctionExists.c.o: In function `main':
CheckFunctionExists.c:(.text+0x10): undefined reference to `res_servicename'
collect2: error: ld returned 1 exit status
CMakeFiles/cmTC_83cd1.dir/build.make:97: recipe for target 'cmTC_83cd1' failed
make[1]: *** [cmTC_83cd1] Error 1
make[1]: Leaving directory '/home/vagrant/Desktop/csci499_cpshanno/project/CMakeFiles/CMakeTmp'
Makefile:126: recipe for target 'cmTC_83cd1/fast' failed
make: *** [cmTC_83cd1/fast] Error 2


Determining if the function gethostbyname exists in the socket failed with the following output:
Change Dir: /home/vagrant/Desktop/csci499_cpshanno/project/CMakeFiles/CMakeTmp

Run Build Command:"/usr/bin/make" "cmTC_ee384/fast"
/usr/bin/make -f CMakeFiles/cmTC_ee384.dir/build.make CMakeFiles/cmTC_ee384.dir/build
make[1]: Entering directory '/home/vagrant/Desktop/csci499_cpshanno/project/CMakeFiles/CMakeTmp'
Building C object CMakeFiles/cmTC_ee384.dir/CheckFunctionExists.c.o
/usr/bin/cc   -DCHECK_FUNCTION_EXISTS=gethostbyname -fPIE   -o CMakeFiles/cmTC_ee384.dir/CheckFunctionExists.c.o   -c /usr/share/cmake-3.10/Modules/CheckFunctionExists.c
Linking C executable cmTC_ee384
/usr/bin/cmake -E cmake_link_script CMakeFiles/cmTC_ee384.dir/link.txt --verbose=1
/usr/bin/cc  -DCHECK_FUNCTION_EXISTS=gethostbyname    -rdynamic CMakeFiles/cmTC_ee384.dir/CheckFunctionExists.c.o  -o cmTC_ee384 -lsocket 
/usr/bin/ld: cannot find -lsocket
collect2: error: ld returned 1 exit status
CMakeFiles/cmTC_ee384.dir/build.make:97: recipe for target 'cmTC_ee384' failed
make[1]: *** [cmTC_ee384] Error 1
make[1]: Leaving directory '/home/vagrant/Desktop/csci499_cpshanno/project/CMakeFiles/CMakeTmp'
Makefile:126: recipe for target 'cmTC_ee384/fast' failed
make: *** [cmTC_ee384/fast] Error 2


Determining if the function socket exists in the socket failed with the following output:
Change Dir: /home/vagrant/Desktop/csci499_cpshanno/project/CMakeFiles/CMakeTmp

Run Build Command:"/usr/bin/make" "cmTC_06712/fast"
/usr/bin/make -f CMakeFiles/cmTC_06712.dir/build.make CMakeFiles/cmTC_06712.dir/build
make[1]: Entering directory '/home/vagrant/Desktop/csci499_cpshanno/project/CMakeFiles/CMakeTmp'
Building C object CMakeFiles/cmTC_06712.dir/CheckFunctionExists.c.o
/usr/bin/cc   -DCHECK_FUNCTION_EXISTS=socket -fPIE   -o CMakeFiles/cmTC_06712.dir/CheckFunctionExists.c.o   -c /usr/share/cmake-3.10/Modules/CheckFunctionExists.c
Linking C executable cmTC_06712
/usr/bin/cmake -E cmake_link_script CMakeFiles/cmTC_06712.dir/link.txt --verbose=1
/usr/bin/cc  -DCHECK_FUNCTION_EXISTS=socket    -rdynamic CMakeFiles/cmTC_06712.dir/CheckFunctionExists.c.o  -o cmTC_06712 -lsocket 
/usr/bin/ld: cannot find -lsocket
collect2: error: ld returned 1 exit status
CMakeFiles/cmTC_06712.dir/build.make:97: recipe for target 'cmTC_06712' failed
make[1]: *** [cmTC_06712] Error 1
make[1]: Leaving directory '/home/vagrant/Desktop/csci499_cpshanno/project/CMakeFiles/CMakeTmp'
Makefile:126: recipe for target 'cmTC_06712/fast' failed
make: *** [cmTC_06712/fast] Error 2


Determining if files socket.h exist failed with the following output:
Change Dir: /home/vagrant/Desktop/csci499_cpshanno/project/CMakeFiles/CMakeTmp

Run Build Command:"/usr/bin/make" "cmTC_2bc1d/fast"
/usr/bin/make -f CMakeFiles/cmTC_2bc1d.dir/build.make CMakeFiles/cmTC_2bc1d.dir/build
make[1]: Entering directory '/home/vagrant/Desktop/csci499_cpshanno/project/CMakeFiles/CMakeTmp'
Building C object CMakeFiles/cmTC_2bc1d.dir/CheckIncludeFiles.c.o
/usr/bin/cc   -fPIE   -o CMakeFiles/cmTC_2bc1d.dir/CheckIncludeFiles.c.o   -c /home/vagrant/Desktop/csci499_cpshanno/project/CMakeFiles/CMakeTmp/CheckIncludeFiles.c
/home/vagrant/Desktop/csci499_cpshanno/project/CMakeFiles/CMakeTmp/CheckIncludeFiles.c:2:10: fatal error: socket.h: No such file or directory
 #include <socket.h>
          ^~~~~~~~~~
compilation terminated.
CMakeFiles/cmTC_2bc1d.dir/build.make:65: recipe for target 'CMakeFiles/cmTC_2bc1d.dir/CheckIncludeFiles.c.o' failed
make[1]: *** [CMakeFiles/cmTC_2bc1d.dir/CheckIncludeFiles.c.o] Error 1
make[1]: Leaving directory '/home/vagrant/Desktop/csci499_cpshanno/project/CMakeFiles/CMakeTmp'
Makefile:126: recipe for target 'cmTC_2bc1d/fast' failed
make: *** [cmTC_2bc1d/fast] Error 2

Source:
/* */
#include <socket.h>


int main(void){return 0;}

Determining if files winsock2.h;windows.h exist failed with the following output:
Change Dir: /home/vagrant/Desktop/csci499_cpshanno/project/CMakeFiles/CMakeTmp

Run Build Command:"/usr/bin/make" "cmTC_94399/fast"
/usr/bin/make -f CMakeFiles/cmTC_94399.dir/build.make CMakeFiles/cmTC_94399.dir/build
make[1]: Entering directory '/home/vagrant/Desktop/csci499_cpshanno/project/CMakeFiles/CMakeTmp'
Building C object CMakeFiles/cmTC_94399.dir/CheckIncludeFiles.c.o
/usr/bin/cc   -fPIE   -o CMakeFiles/cmTC_94399.dir/CheckIncludeFiles.c.o   -c /home/vagrant/Desktop/csci499_cpshanno/project/CMakeFiles/CMakeTmp/CheckIncludeFiles.c
/home/vagrant/Desktop/csci499_cpshanno/project/CMakeFiles/CMakeTmp/CheckIncludeFiles.c:2:10: fatal error: winsock2.h: No such file or directory
 #include <winsock2.h>
          ^~~~~~~~~~~~
compilation terminated.
CMakeFiles/cmTC_94399.dir/build.make:65: recipe for target 'CMakeFiles/cmTC_94399.dir/CheckIncludeFiles.c.o' failed
make[1]: *** [CMakeFiles/cmTC_94399.dir/CheckIncludeFiles.c.o] Error 1
make[1]: Leaving directory '/home/vagrant/Desktop/csci499_cpshanno/project/CMakeFiles/CMakeTmp'
Makefile:126: recipe for target 'cmTC_94399/fast' failed
make: *** [cmTC_94399/fast] Error 2

Source:
/* */
#include <winsock2.h>
#include <windows.h>


int main(void){return 0;}

Determining if files winsock2.h;ws2tcpip.h;windows.h exist failed with the following output:
Change Dir: /home/vagrant/Desktop/csci499_cpshanno/project/CMakeFiles/CMakeTmp

Run Build Command:"/usr/bin/make" "cmTC_78f01/fast"
/usr/bin/make -f CMakeFiles/cmTC_78f01.dir/build.make CMakeFiles/cmTC_78f01.dir/build
make[1]: Entering directory '/home/vagrant/Desktop/csci499_cpshanno/project/CMakeFiles/CMakeTmp'
Building C object CMakeFiles/cmTC_78f01.dir/CheckIncludeFiles.c.o
/usr/bin/cc   -fPIE   -o CMakeFiles/cmTC_78f01.dir/CheckIncludeFiles.c.o   -c /home/vagrant/Desktop/csci499_cpshanno/project/CMakeFiles/CMakeTmp/CheckIncludeFiles.c
/home/vagrant/Desktop/csci499_cpshanno/project/CMakeFiles/CMakeTmp/CheckIncludeFiles.c:2:10: fatal error: winsock2.h: No such file or directory
 #include <winsock2.h>
          ^~~~~~~~~~~~
compilation terminated.
CMakeFiles/cmTC_78f01.dir/build.make:65: recipe for target 'CMakeFiles/cmTC_78f01.dir/CheckIncludeFiles.c.o' failed
make[1]: *** [CMakeFiles/cmTC_78f01.dir/CheckIncludeFiles.c.o] Error 1
make[1]: Leaving directory '/home/vagrant/Desktop/csci499_cpshanno/project/CMakeFiles/CMakeTmp'
Makefile:126: recipe for target 'cmTC_78f01/fast' failed
make: *** [cmTC_78f01/fast] Error 2

Source:
/* */
#include <winsock2.h>
#include <ws2tcpip.h>
#include <windows.h>


int main(void){return 0;}

Determining if files winsock.h;windows.h exist failed with the following output:
Change Dir: /home/vagrant/Desktop/csci499_cpshanno/project/CMakeFiles/CMakeTmp

Run Build Command:"/usr/bin/make" "cmTC_7852c/fast"
/usr/bin/make -f CMakeFiles/cmTC_7852c.dir/build.make CMakeFiles/cmTC_7852c.dir/build
make[1]: Entering directory '/home/vagrant/Desktop/csci499_cpshanno/project/CMakeFiles/CMakeTmp'
Building C object CMakeFiles/cmTC_7852c.dir/CheckIncludeFiles.c.o
/usr/bin/cc   -fPIE   -o CMakeFiles/cmTC_7852c.dir/CheckIncludeFiles.c.o   -c /home/vagrant/Desktop/csci499_cpshanno/project/CMakeFiles/CMakeTmp/CheckIncludeFiles.c
/home/vagrant/Desktop/csci499_cpshanno/project/CMakeFiles/CMakeTmp/CheckIncludeFiles.c:2:10: fatal error: winsock.h: No such file or directory
 #include <winsock.h>
          ^~~~~~~~~~~
compilation terminated.
CMakeFiles/cmTC_7852c.dir/build.make:65: recipe for target 'CMakeFiles/cmTC_7852c.dir/CheckIncludeFiles.c.o' failed
make[1]: *** [CMakeFiles/cmTC_7852c.dir/CheckIncludeFiles.c.o] Error 1
make[1]: Leaving directory '/home/vagrant/Desktop/csci499_cpshanno/project/CMakeFiles/CMakeTmp'
Makefile:126: recipe for target 'cmTC_7852c/fast' failed
make: *** [cmTC_7852c/fast] Error 2

Source:
/* */
#include <winsock.h>
#include <windows.h>


int main(void){return 0;}

Determining if files windows.h exist failed with the following output:
Change Dir: /home/vagrant/Desktop/csci499_cpshanno/project/CMakeFiles/CMakeTmp

Run Build Command:"/usr/bin/make" "cmTC_ef6e5/fast"
/usr/bin/make -f CMakeFiles/cmTC_ef6e5.dir/build.make CMakeFiles/cmTC_ef6e5.dir/build
make[1]: Entering directory '/home/vagrant/Desktop/csci499_cpshanno/project/CMakeFiles/CMakeTmp'
Building C object CMakeFiles/cmTC_ef6e5.dir/CheckIncludeFiles.c.o
/usr/bin/cc   -fPIE   -o CMakeFiles/cmTC_ef6e5.dir/CheckIncludeFiles.c.o   -c /home/vagrant/Desktop/csci499_cpshanno/project/CMakeFiles/CMakeTmp/CheckIncludeFiles.c
/home/vagrant/Desktop/csci499_cpshanno/project/CMakeFiles/CMakeTmp/CheckIncludeFiles.c:2:10: fatal error: windows.h: No such file or directory
 #include <windows.h>
          ^~~~~~~~~~~
compilation terminated.
CMakeFiles/cmTC_ef6e5.dir/build.make:65: recipe for target 'CMakeFiles/cmTC_ef6e5.dir/CheckIncludeFiles.c.o' failed
make[1]: *** [CMakeFiles/cmTC_ef6e5.dir/CheckIncludeFiles.c.o] Error 1
make[1]: Leaving directory '/home/vagrant/Desktop/csci499_cpshanno/project/CMakeFiles/CMakeTmp'
Makefile:126: recipe for target 'cmTC_ef6e5/fast' failed
make: *** [cmTC_ef6e5/fast] Error 2

Source:
/* */
#include <windows.h>


int main(void){return 0;}

Performing C SOURCE FILE Test HAVE_TYPE_SOCKET failed with the following output:
Change Dir: /home/vagrant/Desktop/csci499_cpshanno/project/CMakeFiles/CMakeTmp

Run Build Command:"/usr/bin/make" "cmTC_0604e/fast"
/usr/bin/make -f CMakeFiles/cmTC_0604e.dir/build.make CMakeFiles/cmTC_0604e.dir/build
make[1]: Entering directory '/home/vagrant/Desktop/csci499_cpshanno/project/CMakeFiles/CMakeTmp'
Building C object CMakeFiles/cmTC_0604e.dir/src.c.o
/usr/bin/cc -D_GNU_SOURCE -D_POSIX_C_SOURCE=199309L -D_XOPEN_SOURCE=600  -DHAVE_TYPE_SOCKET -fPIE   -o CMakeFiles/cmTC_0604e.dir/src.c.o   -c /home/vagrant/Desktop/csci499_cpshanno/project/CMakeFiles/CMakeTmp/src.c
/home/vagrant/Desktop/csci499_cpshanno/project/CMakeFiles/CMakeTmp/src.c: In function ‘main’:
/home/vagrant/Desktop/csci499_cpshanno/project/CMakeFiles/CMakeTmp/src.c:26:4: error: unknown type name ‘SOCKET’; did you mean ‘LOCK_EX’?
    SOCKET var_exists;
    ^~~~~~
    LOCK_EX
CMakeFiles/cmTC_0604e.dir/build.make:65: recipe for target 'CMakeFiles/cmTC_0604e.dir/src.c.o' failed
make[1]: *** [CMakeFiles/cmTC_0604e.dir/src.c.o] Error 1
make[1]: Leaving directory '/home/vagrant/Desktop/csci499_cpshanno/project/CMakeFiles/CMakeTmp'
Makefile:126: recipe for target 'cmTC_0604e/fast' failed
make: *** [cmTC_0604e/fast] Error 2

Source file was:

		#include <stdio.h>
		#include <stdlib.h>
	
		#include <stdbool.h>
		#include <sys/types.h>
		#include <arpa/inet.h>
		#include <arpa/nameser.h>
		#include <netdb.h>
		#include <net/if.h>
		#include <netinet/in.h>
		#include <netinet/tcp.h>
		#include <signal.h>
		#include <stdlib.h>
		#include <string.h>
		#include <strings.h>
		#include <sys/ioctl.h>
		#include <sys/select.h>
		#include <sys/socket.h>
		#include <sys/time.h>
		#include <sys/uio.h>
		#include <time.h>
		#include <fcntl.h>
		#include <unistd.h>
		int main() {
			SOCKET var_exists;
			(void)var_exists;
			return 0;
		}
	
Determining if the SO_NONBLOCK exist failed with the following output:
Change Dir: /home/vagrant/Desktop/csci499_cpshanno/project/CMakeFiles/CMakeTmp

Run Build Command:"/usr/bin/make" "cmTC_846b5/fast"
/usr/bin/make -f CMakeFiles/cmTC_846b5.dir/build.make CMakeFiles/cmTC_846b5.dir/build
make[1]: Entering directory '/home/vagrant/Desktop/csci499_cpshanno/project/CMakeFiles/CMakeTmp'
Building C object CMakeFiles/cmTC_846b5.dir/CheckSymbolExists.c.o
/usr/bin/cc -D_GNU_SOURCE -D_POSIX_C_SOURCE=199309L -D_XOPEN_SOURCE=600  -fPIE   -o CMakeFiles/cmTC_846b5.dir/CheckSymbolExists.c.o   -c /home/vagrant/Desktop/csci499_cpshanno/project/CMakeFiles/CMakeTmp/CheckSymbolExists.c
/home/vagrant/Desktop/csci499_cpshanno/project/CMakeFiles/CMakeTmp/CheckSymbolExists.c: In function ‘main’:
/home/vagrant/Desktop/csci499_cpshanno/project/CMakeFiles/CMakeTmp/CheckSymbolExists.c:27:19: error: ‘SO_NONBLOCK’ undeclared (first use in this function); did you mean ‘O_NONBLOCK’?
   return ((int*)(&SO_NONBLOCK))[argc];
                   ^~~~~~~~~~~
                   O_NONBLOCK
/home/vagrant/Desktop/csci499_cpshanno/project/CMakeFiles/CMakeTmp/CheckSymbolExists.c:27:19: note: each undeclared identifier is reported only once for each function it appears in
CMakeFiles/cmTC_846b5.dir/build.make:65: recipe for target 'CMakeFiles/cmTC_846b5.dir/CheckSymbolExists.c.o' failed
make[1]: *** [CMakeFiles/cmTC_846b5.dir/CheckSymbolExists.c.o] Error 1
make[1]: Leaving directory '/home/vagrant/Desktop/csci499_cpshanno/project/CMakeFiles/CMakeTmp'
Makefile:126: recipe for target 'cmTC_846b5/fast' failed
make: *** [cmTC_846b5/fast] Error 2

File /home/vagrant/Desktop/csci499_cpshanno/project/CMakeFiles/CMakeTmp/CheckSymbolExists.c:
/* */
#include <stdbool.h>
#include <sys/types.h>
#include <arpa/inet.h>
#include <arpa/nameser.h>
#include <netdb.h>
#include <net/if.h>
#include <netinet/in.h>
#include <netinet/tcp.h>
#include <signal.h>
#include <stdlib.h>
#include <string.h>
#include <strings.h>
#include <sys/ioctl.h>
#include <sys/select.h>
#include <sys/socket.h>
#include <sys/time.h>
#include <sys/uio.h>
#include <time.h>
#include <fcntl.h>
#include <unistd.h>

int main(int argc, char** argv)
{
  (void)argv;
#ifndef SO_NONBLOCK
  return ((int*)(&SO_NONBLOCK))[argc];
#else
  (void)argc;
  return 0;
#endif
}

Determining if the bitncmp exist failed with the following output:
Change Dir: /home/vagrant/Desktop/csci499_cpshanno/project/CMakeFiles/CMakeTmp

Run Build Command:"/usr/bin/make" "cmTC_4ecd2/fast"
/usr/bin/make -f CMakeFiles/cmTC_4ecd2.dir/build.make CMakeFiles/cmTC_4ecd2.dir/build
make[1]: Entering directory '/home/vagrant/Desktop/csci499_cpshanno/project/CMakeFiles/CMakeTmp'
Building C object CMakeFiles/cmTC_4ecd2.dir/CheckSymbolExists.c.o
/usr/bin/cc -D_GNU_SOURCE -D_POSIX_C_SOURCE=199309L -D_XOPEN_SOURCE=600  -fPIE   -o CMakeFiles/cmTC_4ecd2.dir/CheckSymbolExists.c.o   -c /home/vagrant/Desktop/csci499_cpshanno/project/CMakeFiles/CMakeTmp/CheckSymbolExists.c
/home/vagrant/Desktop/csci499_cpshanno/project/CMakeFiles/CMakeTmp/CheckSymbolExists.c: In function ‘main’:
/home/vagrant/Desktop/csci499_cpshanno/project/CMakeFiles/CMakeTmp/CheckSymbolExists.c:27:19: error: ‘bitncmp’ undeclared (first use in this function); did you mean ‘bcmp’?
   return ((int*)(&bitncmp))[argc];
                   ^~~~~~~
                   bcmp
/home/vagrant/Desktop/csci499_cpshanno/project/CMakeFiles/CMakeTmp/CheckSymbolExists.c:27:19: note: each undeclared identifier is reported only once for each function it appears in
CMakeFiles/cmTC_4ecd2.dir/build.make:65: recipe for target 'CMakeFiles/cmTC_4ecd2.dir/CheckSymbolExists.c.o' failed
make[1]: *** [CMakeFiles/cmTC_4ecd2.dir/CheckSymbolExists.c.o] Error 1
make[1]: Leaving directory '/home/vagrant/Desktop/csci499_cpshanno/project/CMakeFiles/CMakeTmp'
Makefile:126: recipe for target 'cmTC_4ecd2/fast' failed
make: *** [cmTC_4ecd2/fast] Error 2

File /home/vagrant/Desktop/csci499_cpshanno/project/CMakeFiles/CMakeTmp/CheckSymbolExists.c:
/* */
#include <stdbool.h>
#include <sys/types.h>
#include <arpa/inet.h>
#include <arpa/nameser.h>
#include <netdb.h>
#include <net/if.h>
#include <netinet/in.h>
#include <netinet/tcp.h>
#include <signal.h>
#include <stdlib.h>
#include <string.h>
#include <strings.h>
#include <sys/ioctl.h>
#include <sys/select.h>
#include <sys/socket.h>
#include <sys/time.h>
#include <sys/uio.h>
#include <time.h>
#include <fcntl.h>
#include <unistd.h>

int main(int argc, char** argv)
{
  (void)argv;
#ifndef bitncmp
  return ((int*)(&bitncmp))[argc];
#else
  (void)argc;
  return 0;
#endif
}

Determining if the closesocket exist failed with the following output:
Change Dir: /home/vagrant/Desktop/csci499_cpshanno/project/CMakeFiles/CMakeTmp

Run Build Command:"/usr/bin/make" "cmTC_65001/fast"
/usr/bin/make -f CMakeFiles/cmTC_65001.dir/build.make CMakeFiles/cmTC_65001.dir/build
make[1]: Entering directory '/home/vagrant/Desktop/csci499_cpshanno/project/CMakeFiles/CMakeTmp'
Building C object CMakeFiles/cmTC_65001.dir/CheckSymbolExists.c.o
/usr/bin/cc -D_GNU_SOURCE -D_POSIX_C_SOURCE=199309L -D_XOPEN_SOURCE=600  -fPIE   -o CMakeFiles/cmTC_65001.dir/CheckSymbolExists.c.o   -c /home/vagrant/Desktop/csci499_cpshanno/project/CMakeFiles/CMakeTmp/CheckSymbolExists.c
/home/vagrant/Desktop/csci499_cpshanno/project/CMakeFiles/CMakeTmp/CheckSymbolExists.c: In function ‘main’:
/home/vagrant/Desktop/csci499_cpshanno/project/CMakeFiles/CMakeTmp/CheckSymbolExists.c:27:19: error: ‘closesocket’ undeclared (first use in this function); did you mean ‘socket’?
   return ((int*)(&closesocket))[argc];
                   ^~~~~~~~~~~
                   socket
/home/vagrant/Desktop/csci499_cpshanno/project/CMakeFiles/CMakeTmp/CheckSymbolExists.c:27:19: note: each undeclared identifier is reported only once for each function it appears in
CMakeFiles/cmTC_65001.dir/build.make:65: recipe for target 'CMakeFiles/cmTC_65001.dir/CheckSymbolExists.c.o' failed
make[1]: *** [CMakeFiles/cmTC_65001.dir/CheckSymbolExists.c.o] Error 1
make[1]: Leaving directory '/home/vagrant/Desktop/csci499_cpshanno/project/CMakeFiles/CMakeTmp'
Makefile:126: recipe for target 'cmTC_65001/fast' failed
make: *** [cmTC_65001/fast] Error 2

File /home/vagrant/Desktop/csci499_cpshanno/project/CMakeFiles/CMakeTmp/CheckSymbolExists.c:
/* */
#include <stdbool.h>
#include <sys/types.h>
#include <arpa/inet.h>
#include <arpa/nameser.h>
#include <netdb.h>
#include <net/if.h>
#include <netinet/in.h>
#include <netinet/tcp.h>
#include <signal.h>
#include <stdlib.h>
#include <string.h>
#include <strings.h>
#include <sys/ioctl.h>
#include <sys/select.h>
#include <sys/socket.h>
#include <sys/time.h>
#include <sys/uio.h>
#include <time.h>
#include <fcntl.h>
#include <unistd.h>

int main(int argc, char** argv)
{
  (void)argv;
#ifndef closesocket
  return ((int*)(&closesocket))[argc];
#else
  (void)argc;
  return 0;
#endif
}

Determining if the CloseSocket exist failed with the following output:
Change Dir: /home/vagrant/Desktop/csci499_cpshanno/project/CMakeFiles/CMakeTmp

Run Build Command:"/usr/bin/make" "cmTC_b89b0/fast"
/usr/bin/make -f CMakeFiles/cmTC_b89b0.dir/build.make CMakeFiles/cmTC_b89b0.dir/build
make[1]: Entering directory '/home/vagrant/Desktop/csci499_cpshanno/project/CMakeFiles/CMakeTmp'
Building C object CMakeFiles/cmTC_b89b0.dir/CheckSymbolExists.c.o
/usr/bin/cc -D_GNU_SOURCE -D_POSIX_C_SOURCE=199309L -D_XOPEN_SOURCE=600  -fPIE   -o CMakeFiles/cmTC_b89b0.dir/CheckSymbolExists.c.o   -c /home/vagrant/Desktop/csci499_cpshanno/project/CMakeFiles/CMakeTmp/CheckSymbolExists.c
/home/vagrant/Desktop/csci499_cpshanno/project/CMakeFiles/CMakeTmp/CheckSymbolExists.c: In function ‘main’:
/home/vagrant/Desktop/csci499_cpshanno/project/CMakeFiles/CMakeTmp/CheckSymbolExists.c:27:19: error: ‘CloseSocket’ undeclared (first use in this function); did you mean ‘socket’?
   return ((int*)(&CloseSocket))[argc];
                   ^~~~~~~~~~~
                   socket
/home/vagrant/Desktop/csci499_cpshanno/project/CMakeFiles/CMakeTmp/CheckSymbolExists.c:27:19: note: each undeclared identifier is reported only once for each function it appears in
CMakeFiles/cmTC_b89b0.dir/build.make:65: recipe for target 'CMakeFiles/cmTC_b89b0.dir/CheckSymbolExists.c.o' failed
make[1]: *** [CMakeFiles/cmTC_b89b0.dir/CheckSymbolExists.c.o] Error 1
make[1]: Leaving directory '/home/vagrant/Desktop/csci499_cpshanno/project/CMakeFiles/CMakeTmp'
Makefile:126: recipe for target 'cmTC_b89b0/fast' failed
make: *** [cmTC_b89b0/fast] Error 2

File /home/vagrant/Desktop/csci499_cpshanno/project/CMakeFiles/CMakeTmp/CheckSymbolExists.c:
/* */
#include <stdbool.h>
#include <sys/types.h>
#include <arpa/inet.h>
#include <arpa/nameser.h>
#include <netdb.h>
#include <net/if.h>
#include <netinet/in.h>
#include <netinet/tcp.h>
#include <signal.h>
#include <stdlib.h>
#include <string.h>
#include <strings.h>
#include <sys/ioctl.h>
#include <sys/select.h>
#include <sys/socket.h>
#include <sys/time.h>
#include <sys/uio.h>
#include <time.h>
#include <fcntl.h>
#include <unistd.h>

int main(int argc, char** argv)
{
  (void)argv;
#ifndef CloseSocket
  return ((int*)(&CloseSocket))[argc];
#else
  (void)argc;
  return 0;
#endif
}

Determining if the inet_net_pton exist failed with the following output:
Change Dir: /home/vagrant/Desktop/csci499_cpshanno/project/CMakeFiles/CMakeTmp

Run Build Command:"/usr/bin/make" "cmTC_44789/fast"
/usr/bin/make -f CMakeFiles/cmTC_44789.dir/build.make CMakeFiles/cmTC_44789.dir/build
make[1]: Entering directory '/home/vagrant/Desktop/csci499_cpshanno/project/CMakeFiles/CMakeTmp'
Building C object CMakeFiles/cmTC_44789.dir/CheckSymbolExists.c.o
/usr/bin/cc -D_GNU_SOURCE -D_POSIX_C_SOURCE=199309L -D_XOPEN_SOURCE=600  -fPIE   -o CMakeFiles/cmTC_44789.dir/CheckSymbolExists.c.o   -c /home/vagrant/Desktop/csci499_cpshanno/project/CMakeFiles/CMakeTmp/CheckSymbolExists.c
Linking C executable cmTC_44789
/usr/bin/cmake -E cmake_link_script CMakeFiles/cmTC_44789.dir/link.txt --verbose=1
/usr/bin/cc      -rdynamic CMakeFiles/cmTC_44789.dir/CheckSymbolExists.c.o  -o cmTC_44789 -lnsl -lrt 
CMakeFiles/cmTC_44789.dir/CheckSymbolExists.c.o: In function `main':
CheckSymbolExists.c:(.text+0x1b): undefined reference to `inet_net_pton'
collect2: error: ld returned 1 exit status
CMakeFiles/cmTC_44789.dir/build.make:97: recipe for target 'cmTC_44789' failed
make[1]: *** [cmTC_44789] Error 1
make[1]: Leaving directory '/home/vagrant/Desktop/csci499_cpshanno/project/CMakeFiles/CMakeTmp'
Makefile:126: recipe for target 'cmTC_44789/fast' failed
make: *** [cmTC_44789/fast] Error 2

File /home/vagrant/Desktop/csci499_cpshanno/project/CMakeFiles/CMakeTmp/CheckSymbolExists.c:
/* */
#include <stdbool.h>
#include <sys/types.h>
#include <arpa/inet.h>
#include <arpa/nameser.h>
#include <netdb.h>
#include <net/if.h>
#include <netinet/in.h>
#include <netinet/tcp.h>
#include <signal.h>
#include <stdlib.h>
#include <string.h>
#include <strings.h>
#include <sys/ioctl.h>
#include <sys/select.h>
#include <sys/socket.h>
#include <sys/time.h>
#include <sys/uio.h>
#include <time.h>
#include <fcntl.h>
#include <unistd.h>

int main(int argc, char** argv)
{
  (void)argv;
#ifndef inet_net_pton
  return ((int*)(&inet_net_pton))[argc];
#else
  (void)argc;
  return 0;
#endif
}

Determining if the ioctlsocket exist failed with the following output:
Change Dir: /home/vagrant/Desktop/csci499_cpshanno/project/CMakeFiles/CMakeTmp

Run Build Command:"/usr/bin/make" "cmTC_8bb18/fast"
/usr/bin/make -f CMakeFiles/cmTC_8bb18.dir/build.make CMakeFiles/cmTC_8bb18.dir/build
make[1]: Entering directory '/home/vagrant/Desktop/csci499_cpshanno/project/CMakeFiles/CMakeTmp'
Building C object CMakeFiles/cmTC_8bb18.dir/CheckSymbolExists.c.o
/usr/bin/cc -D_GNU_SOURCE -D_POSIX_C_SOURCE=199309L -D_XOPEN_SOURCE=600  -fPIE   -o CMakeFiles/cmTC_8bb18.dir/CheckSymbolExists.c.o   -c /home/vagrant/Desktop/csci499_cpshanno/project/CMakeFiles/CMakeTmp/CheckSymbolExists.c
/home/vagrant/Desktop/csci499_cpshanno/project/CMakeFiles/CMakeTmp/CheckSymbolExists.c: In function ‘main’:
/home/vagrant/Desktop/csci499_cpshanno/project/CMakeFiles/CMakeTmp/CheckSymbolExists.c:27:19: error: ‘ioctlsocket’ undeclared (first use in this function); did you mean ‘socket’?
   return ((int*)(&ioctlsocket))[argc];
                   ^~~~~~~~~~~
                   socket
/home/vagrant/Desktop/csci499_cpshanno/project/CMakeFiles/CMakeTmp/CheckSymbolExists.c:27:19: note: each undeclared identifier is reported only once for each function it appears in
CMakeFiles/cmTC_8bb18.dir/build.make:65: recipe for target 'CMakeFiles/cmTC_8bb18.dir/CheckSymbolExists.c.o' failed
make[1]: *** [CMakeFiles/cmTC_8bb18.dir/CheckSymbolExists.c.o] Error 1
make[1]: Leaving directory '/home/vagrant/Desktop/csci499_cpshanno/project/CMakeFiles/CMakeTmp'
Makefile:126: recipe for target 'cmTC_8bb18/fast' failed
make: *** [cmTC_8bb18/fast] Error 2

File /home/vagrant/Desktop/csci499_cpshanno/project/CMakeFiles/CMakeTmp/CheckSymbolExists.c:
/* */
#include <stdbool.h>
#include <sys/types.h>
#include <arpa/inet.h>
#include <arpa/nameser.h>
#include <netdb.h>
#include <net/if.h>
#include <netinet/in.h>
#include <netinet/tcp.h>
#include <signal.h>
#include <stdlib.h>
#include <string.h>
#include <strings.h>
#include <sys/ioctl.h>
#include <sys/select.h>
#include <sys/socket.h>
#include <sys/time.h>
#include <sys/uio.h>
#include <time.h>
#include <fcntl.h>
#include <unistd.h>

int main(int argc, char** argv)
{
  (void)argv;
#ifndef ioctlsocket
  return ((int*)(&ioctlsocket))[argc];
#else
  (void)argc;
  return 0;
#endif
}

Determining if the IoctlSocket exist failed with the following output:
Change Dir: /home/vagrant/Desktop/csci499_cpshanno/project/CMakeFiles/CMakeTmp

Run Build Command:"/usr/bin/make" "cmTC_b713f/fast"
/usr/bin/make -f CMakeFiles/cmTC_b713f.dir/build.make CMakeFiles/cmTC_b713f.dir/build
make[1]: Entering directory '/home/vagrant/Desktop/csci499_cpshanno/project/CMakeFiles/CMakeTmp'
Building C object CMakeFiles/cmTC_b713f.dir/CheckSymbolExists.c.o
/usr/bin/cc -D_GNU_SOURCE -D_POSIX_C_SOURCE=199309L -D_XOPEN_SOURCE=600  -fPIE   -o CMakeFiles/cmTC_b713f.dir/CheckSymbolExists.c.o   -c /home/vagrant/Desktop/csci499_cpshanno/project/CMakeFiles/CMakeTmp/CheckSymbolExists.c
/home/vagrant/Desktop/csci499_cpshanno/project/CMakeFiles/CMakeTmp/CheckSymbolExists.c: In function ‘main’:
/home/vagrant/Desktop/csci499_cpshanno/project/CMakeFiles/CMakeTmp/CheckSymbolExists.c:27:19: error: ‘IoctlSocket’ undeclared (first use in this function); did you mean ‘clock_t’?
   return ((int*)(&IoctlSocket))[argc];
                   ^~~~~~~~~~~
                   clock_t
/home/vagrant/Desktop/csci499_cpshanno/project/CMakeFiles/CMakeTmp/CheckSymbolExists.c:27:19: note: each undeclared identifier is reported only once for each function it appears in
CMakeFiles/cmTC_b713f.dir/build.make:65: recipe for target 'CMakeFiles/cmTC_b713f.dir/CheckSymbolExists.c.o' failed
make[1]: *** [CMakeFiles/cmTC_b713f.dir/CheckSymbolExists.c.o] Error 1
make[1]: Leaving directory '/home/vagrant/Desktop/csci499_cpshanno/project/CMakeFiles/CMakeTmp'
Makefile:126: recipe for target 'cmTC_b713f/fast' failed
make: *** [cmTC_b713f/fast] Error 2

File /home/vagrant/Desktop/csci499_cpshanno/project/CMakeFiles/CMakeTmp/CheckSymbolExists.c:
/* */
#include <stdbool.h>
#include <sys/types.h>
#include <arpa/inet.h>
#include <arpa/nameser.h>
#include <netdb.h>
#include <net/if.h>
#include <netinet/in.h>
#include <netinet/tcp.h>
#include <signal.h>
#include <stdlib.h>
#include <string.h>
#include <strings.h>
#include <sys/ioctl.h>
#include <sys/select.h>
#include <sys/socket.h>
#include <sys/time.h>
#include <sys/uio.h>
#include <time.h>
#include <fcntl.h>
#include <unistd.h>

int main(int argc, char** argv)
{
  (void)argv;
#ifndef IoctlSocket
  return ((int*)(&IoctlSocket))[argc];
#else
  (void)argc;
  return 0;
#endif
}

Determining if the strcmpi exist failed with the following output:
Change Dir: /home/vagrant/Desktop/csci499_cpshanno/project/CMakeFiles/CMakeTmp

Run Build Command:"/usr/bin/make" "cmTC_d363d/fast"
/usr/bin/make -f CMakeFiles/cmTC_d363d.dir/build.make CMakeFiles/cmTC_d363d.dir/build
make[1]: Entering directory '/home/vagrant/Desktop/csci499_cpshanno/project/CMakeFiles/CMakeTmp'
Building C object CMakeFiles/cmTC_d363d.dir/CheckSymbolExists.c.o
/usr/bin/cc -D_GNU_SOURCE -D_POSIX_C_SOURCE=199309L -D_XOPEN_SOURCE=600  -fPIE   -o CMakeFiles/cmTC_d363d.dir/CheckSymbolExists.c.o   -c /home/vagrant/Desktop/csci499_cpshanno/project/CMakeFiles/CMakeTmp/CheckSymbolExists.c
/home/vagrant/Desktop/csci499_cpshanno/project/CMakeFiles/CMakeTmp/CheckSymbolExists.c: In function ‘main’:
/home/vagrant/Desktop/csci499_cpshanno/project/CMakeFiles/CMakeTmp/CheckSymbolExists.c:27:19: error: ‘strcmpi’ undeclared (first use in this function); did you mean ‘strcmp’?
   return ((int*)(&strcmpi))[argc];
                   ^~~~~~~
                   strcmp
/home/vagrant/Desktop/csci499_cpshanno/project/CMakeFiles/CMakeTmp/CheckSymbolExists.c:27:19: note: each undeclared identifier is reported only once for each function it appears in
CMakeFiles/cmTC_d363d.dir/build.make:65: recipe for target 'CMakeFiles/cmTC_d363d.dir/CheckSymbolExists.c.o' failed
make[1]: *** [CMakeFiles/cmTC_d363d.dir/CheckSymbolExists.c.o] Error 1
make[1]: Leaving directory '/home/vagrant/Desktop/csci499_cpshanno/project/CMakeFiles/CMakeTmp'
Makefile:126: recipe for target 'cmTC_d363d/fast' failed
make: *** [cmTC_d363d/fast] Error 2

File /home/vagrant/Desktop/csci499_cpshanno/project/CMakeFiles/CMakeTmp/CheckSymbolExists.c:
/* */
#include <stdbool.h>
#include <sys/types.h>
#include <arpa/inet.h>
#include <arpa/nameser.h>
#include <netdb.h>
#include <net/if.h>
#include <netinet/in.h>
#include <netinet/tcp.h>
#include <signal.h>
#include <stdlib.h>
#include <string.h>
#include <strings.h>
#include <sys/ioctl.h>
#include <sys/select.h>
#include <sys/socket.h>
#include <sys/time.h>
#include <sys/uio.h>
#include <time.h>
#include <fcntl.h>
#include <unistd.h>

int main(int argc, char** argv)
{
  (void)argv;
#ifndef strcmpi
  return ((int*)(&strcmpi))[argc];
#else
  (void)argc;
  return 0;
#endif
}

Determining if the stricmp exist failed with the following output:
Change Dir: /home/vagrant/Desktop/csci499_cpshanno/project/CMakeFiles/CMakeTmp

Run Build Command:"/usr/bin/make" "cmTC_16ffd/fast"
/usr/bin/make -f CMakeFiles/cmTC_16ffd.dir/build.make CMakeFiles/cmTC_16ffd.dir/build
make[1]: Entering directory '/home/vagrant/Desktop/csci499_cpshanno/project/CMakeFiles/CMakeTmp'
Building C object CMakeFiles/cmTC_16ffd.dir/CheckSymbolExists.c.o
/usr/bin/cc -D_GNU_SOURCE -D_POSIX_C_SOURCE=199309L -D_XOPEN_SOURCE=600  -fPIE   -o CMakeFiles/cmTC_16ffd.dir/CheckSymbolExists.c.o   -c /home/vagrant/Desktop/csci499_cpshanno/project/CMakeFiles/CMakeTmp/CheckSymbolExists.c
/home/vagrant/Desktop/csci499_cpshanno/project/CMakeFiles/CMakeTmp/CheckSymbolExists.c: In function ‘main’:
/home/vagrant/Desktop/csci499_cpshanno/project/CMakeFiles/CMakeTmp/CheckSymbolExists.c:27:19: error: ‘stricmp’ undeclared (first use in this function); did you mean ‘strncmp’?
   return ((int*)(&stricmp))[argc];
                   ^~~~~~~
                   strncmp
/home/vagrant/Desktop/csci499_cpshanno/project/CMakeFiles/CMakeTmp/CheckSymbolExists.c:27:19: note: each undeclared identifier is reported only once for each function it appears in
CMakeFiles/cmTC_16ffd.dir/build.make:65: recipe for target 'CMakeFiles/cmTC_16ffd.dir/CheckSymbolExists.c.o' failed
make[1]: *** [CMakeFiles/cmTC_16ffd.dir/CheckSymbolExists.c.o] Error 1
make[1]: Leaving directory '/home/vagrant/Desktop/csci499_cpshanno/project/CMakeFiles/CMakeTmp'
Makefile:126: recipe for target 'cmTC_16ffd/fast' failed
make: *** [cmTC_16ffd/fast] Error 2

File /home/vagrant/Desktop/csci499_cpshanno/project/CMakeFiles/CMakeTmp/CheckSymbolExists.c:
/* */
#include <stdbool.h>
#include <sys/types.h>
#include <arpa/inet.h>
#include <arpa/nameser.h>
#include <netdb.h>
#include <net/if.h>
#include <netinet/in.h>
#include <netinet/tcp.h>
#include <signal.h>
#include <stdlib.h>
#include <string.h>
#include <strings.h>
#include <sys/ioctl.h>
#include <sys/select.h>
#include <sys/socket.h>
#include <sys/time.h>
#include <sys/uio.h>
#include <time.h>
#include <fcntl.h>
#include <unistd.h>

int main(int argc, char** argv)
{
  (void)argv;
#ifndef stricmp
  return ((int*)(&stricmp))[argc];
#else
  (void)argc;
  return 0;
#endif
}

Determining if the strncmpi exist failed with the following output:
Change Dir: /home/vagrant/Desktop/csci499_cpshanno/project/CMakeFiles/CMakeTmp

Run Build Command:"/usr/bin/make" "cmTC_dc63f/fast"
/usr/bin/make -f CMakeFiles/cmTC_dc63f.dir/build.make CMakeFiles/cmTC_dc63f.dir/build
make[1]: Entering directory '/home/vagrant/Desktop/csci499_cpshanno/project/CMakeFiles/CMakeTmp'
Building C object CMakeFiles/cmTC_dc63f.dir/CheckSymbolExists.c.o
/usr/bin/cc -D_GNU_SOURCE -D_POSIX_C_SOURCE=199309L -D_XOPEN_SOURCE=600  -fPIE   -o CMakeFiles/cmTC_dc63f.dir/CheckSymbolExists.c.o   -c /home/vagrant/Desktop/csci499_cpshanno/project/CMakeFiles/CMakeTmp/CheckSymbolExists.c
/home/vagrant/Desktop/csci499_cpshanno/project/CMakeFiles/CMakeTmp/CheckSymbolExists.c: In function ‘main’:
/home/vagrant/Desktop/csci499_cpshanno/project/CMakeFiles/CMakeTmp/CheckSymbolExists.c:27:19: error: ‘strncmpi’ undeclared (first use in this function); did you mean ‘strncmp’?
   return ((int*)(&strncmpi))[argc];
                   ^~~~~~~~
                   strncmp
/home/vagrant/Desktop/csci499_cpshanno/project/CMakeFiles/CMakeTmp/CheckSymbolExists.c:27:19: note: each undeclared identifier is reported only once for each function it appears in
CMakeFiles/cmTC_dc63f.dir/build.make:65: recipe for target 'CMakeFiles/cmTC_dc63f.dir/CheckSymbolExists.c.o' failed
make[1]: *** [CMakeFiles/cmTC_dc63f.dir/CheckSymbolExists.c.o] Error 1
make[1]: Leaving directory '/home/vagrant/Desktop/csci499_cpshanno/project/CMakeFiles/CMakeTmp'
Makefile:126: recipe for target 'cmTC_dc63f/fast' failed
make: *** [cmTC_dc63f/fast] Error 2

File /home/vagrant/Desktop/csci499_cpshanno/project/CMakeFiles/CMakeTmp/CheckSymbolExists.c:
/* */
#include <stdbool.h>
#include <sys/types.h>
#include <arpa/inet.h>
#include <arpa/nameser.h>
#include <netdb.h>
#include <net/if.h>
#include <netinet/in.h>
#include <netinet/tcp.h>
#include <signal.h>
#include <stdlib.h>
#include <string.h>
#include <strings.h>
#include <sys/ioctl.h>
#include <sys/select.h>
#include <sys/socket.h>
#include <sys/time.h>
#include <sys/uio.h>
#include <time.h>
#include <fcntl.h>
#include <unistd.h>

int main(int argc, char** argv)
{
  (void)argv;
#ifndef strncmpi
  return ((int*)(&strncmpi))[argc];
#else
  (void)argc;
  return 0;
#endif
}

Determining if the strnicmp exist failed with the following output:
Change Dir: /home/vagrant/Desktop/csci499_cpshanno/project/CMakeFiles/CMakeTmp

Run Build Command:"/usr/bin/make" "cmTC_d02cb/fast"
/usr/bin/make -f CMakeFiles/cmTC_d02cb.dir/build.make CMakeFiles/cmTC_d02cb.dir/build
make[1]: Entering directory '/home/vagrant/Desktop/csci499_cpshanno/project/CMakeFiles/CMakeTmp'
Building C object CMakeFiles/cmTC_d02cb.dir/CheckSymbolExists.c.o
/usr/bin/cc -D_GNU_SOURCE -D_POSIX_C_SOURCE=199309L -D_XOPEN_SOURCE=600  -fPIE   -o CMakeFiles/cmTC_d02cb.dir/CheckSymbolExists.c.o   -c /home/vagrant/Desktop/csci499_cpshanno/project/CMakeFiles/CMakeTmp/CheckSymbolExists.c
/home/vagrant/Desktop/csci499_cpshanno/project/CMakeFiles/CMakeTmp/CheckSymbolExists.c: In function ‘main’:
/home/vagrant/Desktop/csci499_cpshanno/project/CMakeFiles/CMakeTmp/CheckSymbolExists.c:27:19: error: ‘strnicmp’ undeclared (first use in this function); did you mean ‘strncmp’?
   return ((int*)(&strnicmp))[argc];
                   ^~~~~~~~
                   strncmp
/home/vagrant/Desktop/csci499_cpshanno/project/CMakeFiles/CMakeTmp/CheckSymbolExists.c:27:19: note: each undeclared identifier is reported only once for each function it appears in
CMakeFiles/cmTC_d02cb.dir/build.make:65: recipe for target 'CMakeFiles/cmTC_d02cb.dir/CheckSymbolExists.c.o' failed
make[1]: *** [CMakeFiles/cmTC_d02cb.dir/CheckSymbolExists.c.o] Error 1
make[1]: Leaving directory '/home/vagrant/Desktop/csci499_cpshanno/project/CMakeFiles/CMakeTmp'
Makefile:126: recipe for target 'cmTC_d02cb/fast' failed
make: *** [cmTC_d02cb/fast] Error 2

File /home/vagrant/Desktop/csci499_cpshanno/project/CMakeFiles/CMakeTmp/CheckSymbolExists.c:
/* */
#include <stdbool.h>
#include <sys/types.h>
#include <arpa/inet.h>
#include <arpa/nameser.h>
#include <netdb.h>
#include <net/if.h>
#include <netinet/in.h>
#include <netinet/tcp.h>
#include <signal.h>
#include <stdlib.h>
#include <string.h>
#include <strings.h>
#include <sys/ioctl.h>
#include <sys/select.h>
#include <sys/socket.h>
#include <sys/time.h>
#include <sys/uio.h>
#include <time.h>
#include <fcntl.h>
#include <unistd.h>

int main(int argc, char** argv)
{
  (void)argv;
#ifndef strnicmp
  return ((int*)(&strnicmp))[argc];
#else
  (void)argc;
  return 0;
#endif
}

Determining if the function __system_property_get exists failed with the following output:
Change Dir: /home/vagrant/Desktop/csci499_cpshanno/project/CMakeFiles/CMakeTmp

Run Build Command:"/usr/bin/make" "cmTC_15ba1/fast"
/usr/bin/make -f CMakeFiles/cmTC_15ba1.dir/build.make CMakeFiles/cmTC_15ba1.dir/build
make[1]: Entering directory '/home/vagrant/Desktop/csci499_cpshanno/project/CMakeFiles/CMakeTmp'
Building C object CMakeFiles/cmTC_15ba1.dir/CheckFunctionExists.c.o
/usr/bin/cc -D_GNU_SOURCE -D_POSIX_C_SOURCE=199309L -D_XOPEN_SOURCE=600  -DCHECK_FUNCTION_EXISTS=__system_property_get -fPIE   -o CMakeFiles/cmTC_15ba1.dir/CheckFunctionExists.c.o   -c /usr/share/cmake-3.10/Modules/CheckFunctionExists.c
Linking C executable cmTC_15ba1
/usr/bin/cmake -E cmake_link_script CMakeFiles/cmTC_15ba1.dir/link.txt --verbose=1
/usr/bin/cc  -DCHECK_FUNCTION_EXISTS=__system_property_get    -rdynamic CMakeFiles/cmTC_15ba1.dir/CheckFunctionExists.c.o  -o cmTC_15ba1 -lnsl -lrt 
CMakeFiles/cmTC_15ba1.dir/CheckFunctionExists.c.o: In function `main':
CheckFunctionExists.c:(.text+0x10): undefined reference to `__system_property_get'
collect2: error: ld returned 1 exit status
CMakeFiles/cmTC_15ba1.dir/build.make:97: recipe for target 'cmTC_15ba1' failed
make[1]: *** [cmTC_15ba1] Error 1
make[1]: Leaving directory '/home/vagrant/Desktop/csci499_cpshanno/project/CMakeFiles/CMakeTmp'
Makefile:126: recipe for target 'cmTC_15ba1/fast' failed
make: *** [cmTC_15ba1/fast] Error 2


Performing C++ SOURCE FILE Test HAVE_CXX_FLAG_WSHORTEN_64_TO_32 failed with the following output:
Change Dir: /home/vagrant/Desktop/csci499_cpshanno/project/CMakeFiles/CMakeTmp

Run Build Command:"/usr/bin/make" "cmTC_74829/fast"
/usr/bin/make -f CMakeFiles/cmTC_74829.dir/build.make CMakeFiles/cmTC_74829.dir/build
make[1]: Entering directory '/home/vagrant/Desktop/csci499_cpshanno/project/CMakeFiles/CMakeTmp'
Building CXX object CMakeFiles/cmTC_74829.dir/src.cxx.o
/usr/bin/c++    -std=c++11  -Wall  -Wextra  -Wshadow  -pedantic  -pedantic-errors -DHAVE_CXX_FLAG_WSHORTEN_64_TO_32  -Wshorten-64-to-32 -fPIE   -Wshorten-64-to-32 -o CMakeFiles/cmTC_74829.dir/src.cxx.o -c /home/vagrant/Desktop/csci499_cpshanno/project/CMakeFiles/CMakeTmp/src.cxx
c++: error: unrecognized command line option '-Wshorten-64-to-32'
c++: error: unrecognized command line option '-Wshorten-64-to-32'
CMakeFiles/cmTC_74829.dir/build.make:65: recipe for target 'CMakeFiles/cmTC_74829.dir/src.cxx.o' failed
make[1]: *** [CMakeFiles/cmTC_74829.dir/src.cxx.o] Error 1
make[1]: Leaving directory '/home/vagrant/Desktop/csci499_cpshanno/project/CMakeFiles/CMakeTmp'
Makefile:126: recipe for target 'cmTC_74829/fast' failed
make: *** [cmTC_74829/fast] Error 2

Source file was:
int main() { return 0; }
Performing C++ SOURCE FILE Test HAVE_CXX_FLAG_WD654 failed with the following output:
Change Dir: /home/vagrant/Desktop/csci499_cpshanno/project/CMakeFiles/CMakeTmp

Run Build Command:"/usr/bin/make" "cmTC_6597f/fast"
/usr/bin/make -f CMakeFiles/cmTC_6597f.dir/build.make CMakeFiles/cmTC_6597f.dir/build
make[1]: Entering directory '/home/vagrant/Desktop/csci499_cpshanno/project/CMakeFiles/CMakeTmp'
Building CXX object CMakeFiles/cmTC_6597f.dir/src.cxx.o
/usr/bin/c++    -std=c++11  -Wall  -Wextra  -Wshadow  -pedantic  -pedantic-errors  -Wfloat-equal  -fstrict-aliasing  -Wstrict-aliasing -DHAVE_CXX_FLAG_WD654  -wd654 -fPIE   -wd654 -o CMakeFiles/cmTC_6597f.dir/src.cxx.o -c /home/vagrant/Desktop/csci499_cpshanno/project/CMakeFiles/CMakeTmp/src.cxx
c++: error: unrecognized command line option '-wd654'
c++: error: unrecognized command line option '-wd654'
CMakeFiles/cmTC_6597f.dir/build.make:65: recipe for target 'CMakeFiles/cmTC_6597f.dir/src.cxx.o' failed
make[1]: *** [CMakeFiles/cmTC_6597f.dir/src.cxx.o] Error 1
make[1]: Leaving directory '/home/vagrant/Desktop/csci499_cpshanno/project/CMakeFiles/CMakeTmp'
Makefile:126: recipe for target 'cmTC_6597f/fast' failed
make: *** [cmTC_6597f/fast] Error 2

Source file was:
int main() { return 0; }
Performing C++ SOURCE FILE Test HAVE_CXX_FLAG_WTHREAD_SAFETY failed with the following output:
Change Dir: /home/vagrant/Desktop/csci499_cpshanno/project/CMakeFiles/CMakeTmp

Run Build Command:"/usr/bin/make" "cmTC_59e4d/fast"
/usr/bin/make -f CMakeFiles/cmTC_59e4d.dir/build.make CMakeFiles/cmTC_59e4d.dir/build
make[1]: Entering directory '/home/vagrant/Desktop/csci499_cpshanno/project/CMakeFiles/CMakeTmp'
Building CXX object CMakeFiles/cmTC_59e4d.dir/src.cxx.o
/usr/bin/c++    -std=c++11  -Wall  -Wextra  -Wshadow  -pedantic  -pedantic-errors  -Wfloat-equal  -fstrict-aliasing  -Wstrict-aliasing -DHAVE_CXX_FLAG_WTHREAD_SAFETY  -Wthread-safety -fPIE   -Wthread-safety -o CMakeFiles/cmTC_59e4d.dir/src.cxx.o -c /home/vagrant/Desktop/csci499_cpshanno/project/CMakeFiles/CMakeTmp/src.cxx
c++: error: unrecognized command line option '-Wthread-safety'; did you mean '-fthread-jumps'?
c++: error: unrecognized command line option '-Wthread-safety'; did you mean '-fthread-jumps'?
CMakeFiles/cmTC_59e4d.dir/build.make:65: recipe for target 'CMakeFiles/cmTC_59e4d.dir/src.cxx.o' failed
make[1]: *** [CMakeFiles/cmTC_59e4d.dir/src.cxx.o] Error 1
make[1]: Leaving directory '/home/vagrant/Desktop/csci499_cpshanno/project/CMakeFiles/CMakeTmp'
Makefile:126: recipe for target 'cmTC_59e4d/fast' failed
make: *** [cmTC_59e4d/fast] Error 2

Source file was:
int main() { return 0; }
